1737736342202	geckodriver	INFO	Listening on 127.0.0.1:58429
1737736342267	mozrunner::runner	INFO	Running command: MOZ_CRASHREPORTER="1" MOZ_CRASHREPORTER_NO_REPORT="1" MOZ_CRASHREPORTER_SHUTDOWN="1" MOZ_NO_REMOTE="1" "/App ... s" "localhost" "-foreground" "-no-remote" "-profile" "/var/folders/rf/d01836096x35ppx6lk_tl78m0000gn/T/rust_mozprofiledXTPOS"
console.warn: services.settings: Ignoring preference override of remote settings server
console.warn: services.settings: Allow by setting MOZ_REMOTE_SETTINGS_DEVTOOLS=1 in the environment
1737736342526	Marionette	INFO	Marionette enabled
console.error: "Warning: unrecognized command line flag" "-remote-allow-hosts"
1737736342865	Marionette	INFO	Listening on port 58441
WebDriver BiDi listening on ws://127.0.0.1:58430
Read port: 58441
1737736343002	RemoteAgent	WARN	TLS certificate errors will be ignored for this session
2025-01-24 19:32:23.099 firefox[2240:58061] +[IMKClient subclass]: chose IMKClient_Modern
2025-01-24 19:32:23.099 firefox[2240:58061] +[IMKInputSession subclass]: chose IMKInputSession_Modern
UNSUPPORTED (log once): POSSIBLE ISSUE: unit 1 GLD_TEXTURE_INDEX_2D is unloadable and bound to sampler type (Float) - using zero texture because texture unloadable
DevTools listening on ws://127.0.0.1:58430/devtools/browser/6d493639-3d03-4e3f-971b-a86b1cee5cf1
JavaScript error: resource://gre/modules/PrivateBrowsingUtils.sys.mjs, line 19: TypeError: aWindow is null
JavaScript warning: https://static-basket-01.wbbasket.ru/vol2/site/j/performanceAnalytics.8b8fd2c8405863b4e6ea.js, line 1: Script terminated by timeout at:
Q/<@https://static-basket-01.wbbasket.ru/vol2/site/j/performanceAnalytics.8b8fd2c8405863b4e6ea.js:1:4920
t@https://static-basket-01.wbbasket.ru/vol2/site/j/performanceAnalytics.8b8fd2c8405863b4e6ea.js:1:4781

1737736711332	Marionette	INFO	Stopped listening on port 58441
console.error: "Failed to fetch https://spocs.getpocket.com/user:" "NetworkError when attempting to fetch resource."
console.warn: TopSitesFeed: Failed to fetch data from Contile server: NetworkError when attempting to fetch resource.
console.error: ({})
console.error: ({})
