1737726956237	geckodriver	INFO	Listening on 127.0.0.1:53307
1737726956251	mozrunner::runner	INFO	Running command: MOZ_CRASHREPORTER="1" MOZ_CRASHREPORTER_NO_REPORT="1" MOZ_CRASHREPORTER_SHUTDOWN="1" MOZ_NO_REMOTE="1" "/App ... s" "localhost" "-foreground" "-no-remote" "-profile" "/var/folders/rf/d01836096x35ppx6lk_tl78m0000gn/T/rust_mozprofileKyMzib"
console.warn: services.settings: Ignoring preference override of remote settings server
console.warn: services.settings: Allow by setting MOZ_REMOTE_SETTINGS_DEVTOOLS=1 in the environment
1737726956448	Marionette	INFO	Marionette enabled
console.error: "Warning: unrecognized command line flag" "-remote-allow-hosts"
1737726956695	Marionette	INFO	Listening on port 53313
WebDriver BiDi listening on ws://127.0.0.1:53308
Read port: 53313
1737726956821	RemoteAgent	WARN	TLS certificate errors will be ignored for this session
2025-01-24 16:55:56.903 firefox[2335:63435] +[IMKClient subclass]: chose IMKClient_Modern
2025-01-24 16:55:56.903 firefox[2335:63435] +[IMKInputSession subclass]: chose IMKInputSession_Modern
UNSUPPORTED (log once): POSSIBLE ISSUE: unit 1 GLD_TEXTURE_INDEX_2D is unloadable and bound to sampler type (Float) - using zero texture because texture unloadable
DevTools listening on ws://127.0.0.1:53308/devtools/browser/ce75b874-9024-4d09-a93f-bb4bbb2dee98
JavaScript error: resource:///modules/sessionstore/SessionStore.sys.mjs, line 3586: TypeError: this._windows[aWindow.__SSi] is undefined
1737726969167	Marionette	INFO	Stopped listening on port 53313
console.error: "Failed to fetch https://spocs.getpocket.com/user:" "NetworkError when attempting to fetch resource."
console.warn: TopSitesFeed: Failed to fetch data from Contile server: NetworkError when attempting to fetch resource.
console.error: ({})
console.error: ({})
