1737736396633	geckodriver	INFO	Listening on 127.0.0.1:50655
1737736396639	mozrunner::runner	INFO	Running command: MOZ_CRASHREPORTER="1" MOZ_CRASHREPORTER_NO_REPORT="1" MOZ_CRASHREPORTER_SHUTDOWN="1" MOZ_NO_REMOTE="1" "/App ... s" "localhost" "-foreground" "-no-remote" "-profile" "/var/folders/rf/d01836096x35ppx6lk_tl78m0000gn/T/rust_mozprofiledMVCnz"
console.warn: services.settings: Ignoring preference override of remote settings server
console.warn: services.settings: Allow by setting MOZ_REMOTE_SETTINGS_DEVTOOLS=1 in the environment
1737736396843	Marionette	INFO	Marionette enabled
console.error: "Warning: unrecognized command line flag" "-remote-allow-hosts"
1737736397087	Marionette	INFO	Listening on port 50661
WebDriver BiDi listening on ws://127.0.0.1:50656
Read port: 50661
1737736397217	RemoteAgent	WARN	TLS certificate errors will be ignored for this session
2025-01-24 19:33:17.461 firefox[2316:59984] +[IMKClient subclass]: chose IMKClient_Modern
2025-01-24 19:33:17.461 firefox[2316:59984] +[IMKInputSession subclass]: chose IMKInputSession_Modern
UNSUPPORTED (log once): POSSIBLE ISSUE: unit 1 GLD_TEXTURE_INDEX_2D is unloadable and bound to sampler type (Float) - using zero texture because texture unloadable
DevTools listening on ws://127.0.0.1:50656/devtools/browser/482e3082-01d3-4865-aa69-fb0507ceafeb
JavaScript error: resource://gre/modules/PrivateBrowsingUtils.sys.mjs, line 19: TypeError: aWindow is null
JavaScript warning: https://static-basket-01.wbbasket.ru/vol2/site/j/performanceAnalytics.8b8fd2c8405863b4e6ea.js, line 1: Script terminated by timeout at:
a@https://static-basket-01.wbbasket.ru/vol2/site/j/performanceAnalytics.8b8fd2c8405863b4e6ea.js:1:8040
Ce/</<@https://static-basket-01.wbbasket.ru/vol2/site/j/performanceAnalytics.8b8fd2c8405863b4e6ea.js:1:8637
t@https://static-basket-01.wbbasket.ru/vol2/site/j/performanceAnalytics.8b8fd2c8405863b4e6ea.js:1:4781

1737736709392	Marionette	INFO	Stopped listening on port 50661
console.error: "Failed to fetch https://spocs.getpocket.com/user:" "NetworkError when attempting to fetch resource."
console.warn: TopSitesFeed: Failed to fetch data from Contile server: NetworkError when attempting to fetch resource.
console.error: ({})
console.error: ({})
